<?xml version="1.0" encoding="UTF-8"?>
<testsuite xmlns:xsi="http://www.w3.org/2001/XMLSchema-instance" xsi:noNamespaceSchemaLocation="https://maven.apache.org/surefire/maven-surefire-plugin/xsd/surefire-test-report.xsd" name="com.nt.test.AppTest" time="0.024" tests="1" errors="0" skipped="0" failures="0">
  <properties>
    <property name="sun.desktop" value="windows"/>
    <property name="awt.toolkit" value="sun.awt.windows.WToolkit"/>
    <property name="java.specification.version" value="11"/>
    <property name="sun.cpu.isalist" value="amd64"/>
    <property name="sun.jnu.encoding" value="Cp1252"/>
    <property name="java.class.path" value="D:\STS_workspaces\Spring\natraj\AOPProj8-AspectjAOPDecl-BeforeAdvice-SecurityCheck\target\test-classes;D:\STS_workspaces\Spring\natraj\AOPProj8-AspectjAOPDecl-BeforeAdvice-SecurityCheck\target\classes;C:\Users\91877\.m2\repository\junit\junit\4.11\junit-4.11.jar;C:\Users\91877\.m2\repository\org\hamcrest\hamcrest-core\1.3\hamcrest-core-1.3.jar;C:\Users\91877\.m2\repository\org\springframework\spring-context-support\5.2.7.RELEASE\spring-context-support-5.2.7.RELEASE.jar;C:\Users\91877\.m2\repository\org\springframework\spring-beans\5.2.7.RELEASE\spring-beans-5.2.7.RELEASE.jar;C:\Users\91877\.m2\repository\org\springframework\spring-context\5.2.7.RELEASE\spring-context-5.2.7.RELEASE.jar;C:\Users\91877\.m2\repository\org\springframework\spring-aop\5.2.7.RELEASE\spring-aop-5.2.7.RELEASE.jar;C:\Users\91877\.m2\repository\org\springframework\spring-expression\5.2.7.RELEASE\spring-expression-5.2.7.RELEASE.jar;C:\Users\91877\.m2\repository\org\springframework\spring-core\5.2.7.RELEASE\spring-core-5.2.7.RELEASE.jar;C:\Users\91877\.m2\repository\org\springframework\spring-jcl\5.2.7.RELEASE\spring-jcl-5.2.7.RELEASE.jar;C:\Users\91877\.m2\repository\org\springframework\spring-jdbc\5.2.7.RELEASE\spring-jdbc-5.2.7.RELEASE.jar;C:\Users\91877\.m2\repository\org\springframework\spring-tx\5.2.7.RELEASE\spring-tx-5.2.7.RELEASE.jar;C:\Users\91877\.m2\repository\com\oracle\ojdbc\ojdbc8\19.3.0.0\ojdbc8-19.3.0.0.jar;C:\Users\91877\.m2\repository\com\oracle\ojdbc\ucp\19.3.0.0\ucp-19.3.0.0.jar;C:\Users\91877\.m2\repository\com\oracle\ojdbc\oraclepki\19.3.0.0\oraclepki-19.3.0.0.jar;C:\Users\91877\.m2\repository\com\oracle\ojdbc\osdt_cert\19.3.0.0\osdt_cert-19.3.0.0.jar;C:\Users\91877\.m2\repository\com\oracle\ojdbc\osdt_core\19.3.0.0\osdt_core-19.3.0.0.jar;C:\Users\91877\.m2\repository\com\oracle\ojdbc\simplefan\19.3.0.0\simplefan-19.3.0.0.jar;C:\Users\91877\.m2\repository\com\oracle\ojdbc\ons\19.3.0.0\ons-19.3.0.0.jar;C:\Users\91877\.m2\repository\org\aspectj\aspectjrt\1.9.5\aspectjrt-1.9.5.jar;C:\Users\91877\.m2\repository\org\aspectj\aspectjweaver\1.9.5\aspectjweaver-1.9.5.jar;C:\Users\91877\.m2\repository\com\zaxxer\HikariCP\3.4.5\HikariCP-3.4.5.jar;C:\Users\91877\.m2\repository\org\slf4j\slf4j-api\1.7.25\slf4j-api-1.7.25.jar;"/>
    <property name="java.vm.vendor" value="Oracle Corporation"/>
    <property name="sun.arch.data.model" value="64"/>
    <property name="user.variant" value=""/>
    <property name="java.vendor.url" value="https://openjdk.java.net/"/>
    <property name="user.timezone" value="Asia/Calcutta"/>
    <property name="java.vm.specification.version" value="11"/>
    <property name="os.name" value="Windows 10"/>
    <property name="sun.java.launcher" value="SUN_STANDARD"/>
    <property name="user.country" value="IN"/>
    <property name="sun.boot.library.path" value="C:\Program Files\Java\jdk-11.0.7\bin"/>
    <property name="sun.java.command" value="C:\Users\91877\AppData\Local\Temp\surefire5555491427607402888\surefirebooter13633584883552709610.jar C:\Users\91877\AppData\Local\Temp\surefire5555491427607402888 2020-07-18T13-57-45_271-jvmRun1 surefire14663083420717229749tmp surefire_03500071963069387293tmp"/>
    <property name="jdk.debug" value="release"/>
    <property name="surefire.test.class.path" value="D:\STS_workspaces\Spring\natraj\AOPProj8-AspectjAOPDecl-BeforeAdvice-SecurityCheck\target\test-classes;D:\STS_workspaces\Spring\natraj\AOPProj8-AspectjAOPDecl-BeforeAdvice-SecurityCheck\target\classes;C:\Users\91877\.m2\repository\junit\junit\4.11\junit-4.11.jar;C:\Users\91877\.m2\repository\org\hamcrest\hamcrest-core\1.3\hamcrest-core-1.3.jar;C:\Users\91877\.m2\repository\org\springframework\spring-context-support\5.2.7.RELEASE\spring-context-support-5.2.7.RELEASE.jar;C:\Users\91877\.m2\repository\org\springframework\spring-beans\5.2.7.RELEASE\spring-beans-5.2.7.RELEASE.jar;C:\Users\91877\.m2\repository\org\springframework\spring-context\5.2.7.RELEASE\spring-context-5.2.7.RELEASE.jar;C:\Users\91877\.m2\repository\org\springframework\spring-aop\5.2.7.RELEASE\spring-aop-5.2.7.RELEASE.jar;C:\Users\91877\.m2\repository\org\springframework\spring-expression\5.2.7.RELEASE\spring-expression-5.2.7.RELEASE.jar;C:\Users\91877\.m2\repository\org\springframework\spring-core\5.2.7.RELEASE\spring-core-5.2.7.RELEASE.jar;C:\Users\91877\.m2\repository\org\springframework\spring-jcl\5.2.7.RELEASE\spring-jcl-5.2.7.RELEASE.jar;C:\Users\91877\.m2\repository\org\springframework\spring-jdbc\5.2.7.RELEASE\spring-jdbc-5.2.7.RELEASE.jar;C:\Users\91877\.m2\repository\org\springframework\spring-tx\5.2.7.RELEASE\spring-tx-5.2.7.RELEASE.jar;C:\Users\91877\.m2\repository\com\oracle\ojdbc\ojdbc8\19.3.0.0\ojdbc8-19.3.0.0.jar;C:\Users\91877\.m2\repository\com\oracle\ojdbc\ucp\19.3.0.0\ucp-19.3.0.0.jar;C:\Users\91877\.m2\repository\com\oracle\ojdbc\oraclepki\19.3.0.0\oraclepki-19.3.0.0.jar;C:\Users\91877\.m2\repository\com\oracle\ojdbc\osdt_cert\19.3.0.0\osdt_cert-19.3.0.0.jar;C:\Users\91877\.m2\repository\com\oracle\ojdbc\osdt_core\19.3.0.0\osdt_core-19.3.0.0.jar;C:\Users\91877\.m2\repository\com\oracle\ojdbc\simplefan\19.3.0.0\simplefan-19.3.0.0.jar;C:\Users\91877\.m2\repository\com\oracle\ojdbc\ons\19.3.0.0\ons-19.3.0.0.jar;C:\Users\91877\.m2\repository\org\aspectj\aspectjrt\1.9.5\aspectjrt-1.9.5.jar;C:\Users\91877\.m2\repository\org\aspectj\aspectjweaver\1.9.5\aspectjweaver-1.9.5.jar;C:\Users\91877\.m2\repository\com\zaxxer\HikariCP\3.4.5\HikariCP-3.4.5.jar;C:\Users\91877\.m2\repository\org\slf4j\slf4j-api\1.7.25\slf4j-api-1.7.25.jar;"/>
    <property name="sun.cpu.endian" value="little"/>
    <property name="user.home" value="C:\Users\91877"/>
    <property name="user.language" value="en"/>
    <property name="java.specification.vendor" value="Oracle Corporation"/>
    <property name="java.version.date" value="2020-04-14"/>
    <property name="java.home" value="C:\Program Files\Java\jdk-11.0.7"/>
    <property name="file.separator" value="\"/>
    <property name="style.color" value="always"/>
    <property name="basedir" value="D:\STS_workspaces\Spring\natraj\AOPProj8-AspectjAOPDecl-BeforeAdvice-SecurityCheck"/>
    <property name="java.vm.compressedOopsMode" value="32-bit"/>
    <property name="line.separator" value="&#10;"/>
    <property name="java.specification.name" value="Java Platform API Specification"/>
    <property name="java.vm.specification.vendor" value="Oracle Corporation"/>
    <property name="java.awt.graphicsenv" value="sun.awt.Win32GraphicsEnvironment"/>
    <property name="surefire.real.class.path" value="C:\Users\91877\AppData\Local\Temp\surefire5555491427607402888\surefirebooter13633584883552709610.jar"/>
    <property name="user.script" value=""/>
    <property name="sun.management.compiler" value="HotSpot 64-Bit Tiered Compilers"/>
    <property name="java.runtime.version" value="11.0.7+8-LTS"/>
    <property name="user.name" value="91877"/>
    <property name="path.separator" value=";"/>
    <property name="os.version" value="10.0"/>
    <property name="java.runtime.name" value="Java(TM) SE Runtime Environment"/>
    <property name="file.encoding" value="Cp1252"/>
    <property name="java.vm.name" value="Java HotSpot(TM) 64-Bit Server VM"/>
    <property name="java.vendor.version" value="18.9"/>
    <property name="localRepository" value="C:\Users\91877\.m2\repository"/>
    <property name="java.vendor.url.bug" value="https://bugreport.java.com/bugreport/"/>
    <property name="java.io.tmpdir" value="C:\Users\91877\AppData\Local\Temp\"/>
    <property name="java.version" value="11.0.7"/>
    <property name="user.dir" value="D:\STS_workspaces\Spring\natraj\AOPProj8-AspectjAOPDecl-BeforeAdvice-SecurityCheck"/>
    <property name="os.arch" value="amd64"/>
    <property name="java.vm.specification.name" value="Java Virtual Machine Specification"/>
    <property name="java.awt.printerjob" value="sun.awt.windows.WPrinterJob"/>
    <property name="sun.os.patch.level" value=""/>
    <property name="java.library.path" value="C:\Program Files\Java\jdk-11.0.7\bin;C:\windows\Sun\Java\bin;C:\windows\system32;C:\windows;D:\Oracle\dbhomeXE\bin;C:\Program Files (x86)\Common Files\Oracle\Java\javapath;C:\windows\system32;C:\windows;C:\windows\System32\Wbem;C:\windows\System32\WindowsPowerShell\v1.0\;C:\windows\System32\OpenSSH\;C:\Program Files\Java\jdk-11.0.7\bin;D:\soft_jar\db-derby-10.15.2.0-bin\bin;D:\node_js\;C:\Users\91877\AppData\Local\Microsoft\WindowsApps;C:\Users\91877\AppData\Roaming\npm;C:\Users\91877\AppData\Local\Programs\Microsoft VS Code\bin;."/>
    <property name="java.vendor" value="Oracle Corporation"/>
    <property name="java.vm.info" value="mixed mode"/>
    <property name="java.vm.version" value="11.0.7+8-LTS"/>
    <property name="sun.io.unicode.encoding" value="UnicodeLittle"/>
    <property name="java.class.version" value="55.0"/>
  </properties>
  <testcase name="shouldAnswerWithTrue" classname="com.nt.test.AppTest" time="0.004"/>
</testsuite>